[I 2024-09-09 10:15:15.728 ServerApp] jupyter_lsp | extension was successfully linked.
[I 2024-09-09 10:15:15.731 ServerApp] jupyter_server_terminals | extension was successfully linked.
[I 2024-09-09 10:15:15.734 ServerApp] jupyterlab | extension was successfully linked.
[I 2024-09-09 10:15:15.737 ServerApp] notebook | extension was successfully linked.
[I 2024-09-09 10:15:16.266 ServerApp] notebook_shim | extension was successfully linked.
[I 2024-09-09 10:15:16.309 ServerApp] notebook_shim | extension was successfully loaded.
[I 2024-09-09 10:15:16.310 ServerApp] jupyter_lsp | extension was successfully loaded.
[I 2024-09-09 10:15:16.311 ServerApp] jupyter_server_terminals | extension was successfully loaded.
[I 2024-09-09 10:15:16.319 LabApp] JupyterLab extension loaded from /home/young12/.pyenv/versions/note/lib/python3.11/site-packages/jupyterlab
[I 2024-09-09 10:15:16.319 LabApp] JupyterLab application directory is /home/young12/.pyenv/versions/3.11.9/envs/note/share/jupyter/lab
[I 2024-09-09 10:15:16.319 LabApp] Extension Manager is 'pypi'.
[I 2024-09-09 10:15:16.360 ServerApp] jupyterlab | extension was successfully loaded.
[I 2024-09-09 10:15:16.362 ServerApp] notebook | extension was successfully loaded.
[I 2024-09-09 10:15:16.363 ServerApp] The port 8888 is already in use, trying another port.
[I 2024-09-09 10:15:16.363 ServerApp] Serving notebooks from local directory: /home/young12/code/fishregression
[I 2024-09-09 10:15:16.363 ServerApp] Jupyter Server 2.14.2 is running at:
[I 2024-09-09 10:15:16.363 ServerApp] http://localhost:8889/tree?token=b0059c1add9bd31d74158dcd9ad2fa20ff85b12b7fefd686
[I 2024-09-09 10:15:16.363 ServerApp]     http://127.0.0.1:8889/tree?token=b0059c1add9bd31d74158dcd9ad2fa20ff85b12b7fefd686
[I 2024-09-09 10:15:16.363 ServerApp] Use Control-C to stop this server and shut down all kernels (twice to skip confirmation).
[C 2024-09-09 10:15:16.911 ServerApp] 
    
    To access the server, open this file in a browser:
        file:///home/young12/.local/share/jupyter/runtime/jpserver-1006435-open.html
    Or copy and paste one of these URLs:
        http://localhost:8889/tree?token=b0059c1add9bd31d74158dcd9ad2fa20ff85b12b7fefd686
        http://127.0.0.1:8889/tree?token=b0059c1add9bd31d74158dcd9ad2fa20ff85b12b7fefd686
WARNING: You don't seem to have any mimeinfo.cache files.
Try running the update-desktop-database command. If you
don't have this command you should install the
desktop-file-utils package. This package is available from
http://freedesktop.org/wiki/Software/desktop-file-utils/
No applications found for mimetype: text/html
./usr/bin/xdg-open: 882: x-www-browser: not found
/usr/bin/xdg-open: 882: firefox: not found
/usr/bin/xdg-open: 882: iceweasel: not found
/usr/bin/xdg-open: 882: seamonkey: not found
/usr/bin/xdg-open: 882: mozilla: not found
/usr/bin/xdg-open: 882: epiphany: not found
/usr/bin/xdg-open: 882: konqueror: not found
[I 2024-09-09 10:15:17.268 ServerApp] Skipped non-installed server(s): bash-language-server, dockerfile-language-server-nodejs, javascript-typescript-langserver, jedi-language-server, julia-language-server, pyright, python-language-server, python-lsp-server, r-languageserver, sql-language-server, texlab, typescript-language-server, unified-language-server, vscode-css-languageserver-bin, vscode-html-languageserver-bin, vscode-json-languageserver-bin, yaml-language-server
/usr/bin/xdg-open: 882: chromium: not found
/usr/bin/xdg-open: 882: chromium-browser: not found
/usr/bin/xdg-open: 882: google-chrome: not found
/usr/bin/xdg-open: 882: www-browser: not found
/usr/bin/xdg-open: 882: links2: not found
/usr/bin/xdg-open: 882: elinks: not found
/usr/bin/xdg-open: 882: links: not found
/usr/bin/xdg-open: 882: lynx: not found
/usr/bin/xdg-open: 882: w3m: not found
xdg-open: no method available for opening 'file:///home/young12/.local/share/jupyter/runtime/jpserver-1006435-open.html'
[I 2024-09-09 10:15:21.291 ServerApp] jupyter_lsp | extension was successfully linked.
[I 2024-09-09 10:15:21.294 ServerApp] jupyter_server_terminals | extension was successfully linked.
[I 2024-09-09 10:15:21.298 ServerApp] jupyterlab | extension was successfully linked.
[I 2024-09-09 10:15:21.300 ServerApp] notebook | extension was successfully linked.
[I 2024-09-09 10:15:21.466 ServerApp] notebook_shim | extension was successfully linked.
[I 2024-09-09 10:15:21.478 ServerApp] notebook_shim | extension was successfully loaded.
[I 2024-09-09 10:15:21.479 ServerApp] jupyter_lsp | extension was successfully loaded.
[I 2024-09-09 10:15:21.480 ServerApp] jupyter_server_terminals | extension was successfully loaded.
[I 2024-09-09 10:15:21.481 LabApp] JupyterLab extension loaded from /home/young12/.pyenv/versions/note/lib/python3.11/site-packages/jupyterlab
[I 2024-09-09 10:15:21.481 LabApp] JupyterLab application directory is /home/young12/.pyenv/versions/3.11.9/envs/note/share/jupyter/lab
[I 2024-09-09 10:15:21.481 LabApp] Extension Manager is 'pypi'.
[I 2024-09-09 10:15:21.520 ServerApp] jupyterlab | extension was successfully loaded.
[I 2024-09-09 10:15:21.522 ServerApp] notebook | extension was successfully loaded.
[I 2024-09-09 10:15:21.522 ServerApp] The port 8888 is already in use, trying another port.
[I 2024-09-09 10:15:21.523 ServerApp] The port 8889 is already in use, trying another port.
[I 2024-09-09 10:15:21.523 ServerApp] Serving notebooks from local directory: /home/young12/code/fishregression
[I 2024-09-09 10:15:21.523 ServerApp] Jupyter Server 2.14.2 is running at:
[I 2024-09-09 10:15:21.523 ServerApp] http://localhost:8890/tree?token=3b7a3c7e89c3ae4ea25d9ac0699cc85d7271e28cf1855b45
[I 2024-09-09 10:15:21.523 ServerApp]     http://127.0.0.1:8890/tree?token=3b7a3c7e89c3ae4ea25d9ac0699cc85d7271e28cf1855b45
[I 2024-09-09 10:15:21.523 ServerApp] Use Control-C to stop this server and shut down all kernels (twice to skip confirmation).
[C 2024-09-09 10:15:21.845 ServerApp] 
    
    To access the server, open this file in a browser:
        file:///home/young12/.local/share/jupyter/runtime/jpserver-1006827-open.html
    Or copy and paste one of these URLs:
        http://localhost:8890/tree?token=3b7a3c7e89c3ae4ea25d9ac0699cc85d7271e28cf1855b45
        http://127.0.0.1:8890/tree?token=3b7a3c7e89c3ae4ea25d9ac0699cc85d7271e28cf1855b45
WARNING: You don't seem to have any mimeinfo.cache files.
Try running the update-desktop-database command. If you
don't have this command you should install the
desktop-file-utils package. This package is available from
http://freedesktop.org/wiki/Software/desktop-file-utils/
No applications found for mimetype: text/html
./usr/bin/xdg-open: 882: x-www-browser: not found
/usr/bin/xdg-open: 882: firefox: not found
/usr/bin/xdg-open: 882: iceweasel: not found
/usr/bin/xdg-open: 882: seamonkey: not found
/usr/bin/xdg-open: 882: mozilla: not found
/usr/bin/xdg-open: 882: epiphany: not found
[I 2024-09-09 10:15:22.096 ServerApp] Skipped non-installed server(s): bash-language-server, dockerfile-language-server-nodejs, javascript-typescript-langserver, jedi-language-server, julia-language-server, pyright, python-language-server, python-lsp-server, r-languageserver, sql-language-server, texlab, typescript-language-server, unified-language-server, vscode-css-languageserver-bin, vscode-html-languageserver-bin, vscode-json-languageserver-bin, yaml-language-server
/usr/bin/xdg-open: 882: konqueror: not found
/usr/bin/xdg-open: 882: chromium: not found
/usr/bin/xdg-open: 882: chromium-browser: not found
/usr/bin/xdg-open: 882: google-chrome: not found
/usr/bin/xdg-open: 882: www-browser: not found
/usr/bin/xdg-open: 882: links2: not found
/usr/bin/xdg-open: 882: elinks: not found
/usr/bin/xdg-open: 882: links: not found
/usr/bin/xdg-open: 882: lynx: not found
/usr/bin/xdg-open: 882: w3m: not found
xdg-open: no method available for opening 'file:///home/young12/.local/share/jupyter/runtime/jpserver-1006827-open.html'
[I 2024-09-09 10:15:25.867 ServerApp] Interrupted...
[E 2024-09-09 10:15:52.872 ServerApp] Uncaught exception GET /lab/api/settings/@jupyterlab/application-extension:context-menu?1725844552769 (127.0.0.1)
    HTTPServerRequest(protocol='http', host='localhost:8889', method='GET', uri='/lab/api/settings/@jupyterlab/application-extension:context-menu?1725844552769', version='HTTP/1.1', remote_ip='127.0.0.1')
    Traceback (most recent call last):
      File "/home/young12/.pyenv/versions/note/lib/python3.11/site-packages/tornado/web.py", line 1790, in _execute
        result = await result
                 ^^^^^^^^^^^^
    tornado.iostream.StreamClosedError: Stream is closed
[E 2024-09-09 10:15:52.878 ServerApp] Uncaught exception GET /lab/api/settings/@jupyterlab/tooltip-extension:notebooks?1725844552830 (127.0.0.1)
    HTTPServerRequest(protocol='http', host='localhost:8889', method='GET', uri='/lab/api/settings/@jupyterlab/tooltip-extension:notebooks?1725844552830', version='HTTP/1.1', remote_ip='127.0.0.1')
    Traceback (most recent call last):
      File "/home/young12/.pyenv/versions/note/lib/python3.11/site-packages/tornado/web.py", line 1790, in _execute
        result = await result
                 ^^^^^^^^^^^^
    tornado.iostream.StreamClosedError: Stream is closed
[I 2024-09-09 10:15:57.386 ServerApp] Creating new notebook in 
[I 2024-09-09 10:15:57.836 ServerApp] Saving file at /Untitled.ipynb
[I 2024-09-09 10:15:57.908 ServerApp] Kernel started: 592e0a6d-15b4-4e11-8bfd-ae18d1b27d7d
[I 2024-09-09 10:15:58.591 ServerApp] Connecting to kernel 592e0a6d-15b4-4e11-8bfd-ae18d1b27d7d.
[I 2024-09-09 10:15:58.633 ServerApp] Connecting to kernel 592e0a6d-15b4-4e11-8bfd-ae18d1b27d7d.
[I 2024-09-09 10:15:58.666 ServerApp] Connecting to kernel 592e0a6d-15b4-4e11-8bfd-ae18d1b27d7d.
[I 2024-09-09 10:15:58.700 ServerApp] Connecting to kernel 592e0a6d-15b4-4e11-8bfd-ae18d1b27d7d.
[W 2024-09-09 10:15:58.826 ServerApp] Got events for closed stream <zmq.eventloop.zmqstream.ZMQStream object at 0x7f338666c790>
[I 2024-09-09 10:15:59.102 ServerApp] Connecting to kernel 592e0a6d-15b4-4e11-8bfd-ae18d1b27d7d.
[I 2024-09-09 10:18:34.476 ServerApp] Saving file at /Fishregression.ipynb
[I 2024-09-09 10:24:36.475 ServerApp] Saving file at /Fishregression.ipynb
[I 2024-09-09 10:26:37.495 ServerApp] Saving file at /Fishregression.ipynb
[C 2024-09-09 10:30:12.912 ServerApp] received signal 15, stopping
[I 2024-09-09 10:30:12.917 ServerApp] Shutting down 5 extensions
[I 2024-09-09 10:30:12.918 ServerApp] Shutting down 1 kernel
[I 2024-09-09 10:30:12.919 ServerApp] Kernel shutdown: 592e0a6d-15b4-4e11-8bfd-ae18d1b27d7d
